0 info it worked if it ends with ok
1 verbose cli [ '/usr/local/bin/node',
1 verbose cli   '/usr/local/bin/npm',
1 verbose cli   'install',
1 verbose cli   '-g',
1 verbose cli   'pushstate-server' ]
2 info using npm@2.15.9
3 info using node@v4.6.1
4 verbose install initial load of /usr/local/lib/package.json
5 verbose readDependencies loading dependencies from /usr/local/lib/package.json
6 silly cache add args [ 'pushstate-server', null ]
7 verbose cache add spec pushstate-server
8 silly cache add parsed spec Result {
8 silly cache add   raw: 'pushstate-server',
8 silly cache add   scope: null,
8 silly cache add   name: 'pushstate-server',
8 silly cache add   rawSpec: '',
8 silly cache add   spec: 'latest',
8 silly cache add   type: 'tag' }
9 silly addNamed pushstate-server@latest
10 verbose addNamed "latest" is being treated as a dist-tag for pushstate-server
11 info addNameTag [ 'pushstate-server', 'latest' ]
12 silly mapToRegistry name pushstate-server
13 silly mapToRegistry using default registry
14 silly mapToRegistry registry https://registry.npmjs.org/
15 silly mapToRegistry data Result {
15 silly mapToRegistry   raw: 'pushstate-server',
15 silly mapToRegistry   scope: null,
15 silly mapToRegistry   name: 'pushstate-server',
15 silly mapToRegistry   rawSpec: '',
15 silly mapToRegistry   spec: 'latest',
15 silly mapToRegistry   type: 'tag' }
16 silly mapToRegistry uri https://registry.npmjs.org/pushstate-server
17 verbose addNameTag registry:https://registry.npmjs.org/pushstate-server not in flight; fetching
18 verbose request uri https://registry.npmjs.org/pushstate-server
19 verbose request no auth needed
20 info attempt registry request try #1 at 2:16:06 PM
21 verbose request id 7055cf705e7323a7
22 http request GET https://registry.npmjs.org/pushstate-server
23 http 200 https://registry.npmjs.org/pushstate-server
24 verbose headers { server: 'CouchDB/1.5.0 (Erlang OTP/R16B03)',
24 verbose headers   etag: '"7B0MX9EDD6QKJ7QZOZSRONBKO"',
24 verbose headers   'content-type': 'application/json',
24 verbose headers   'content-encoding': 'gzip',
24 verbose headers   'cache-control': 'max-age=300',
24 verbose headers   'content-length': '4291',
24 verbose headers   'accept-ranges': 'bytes',
24 verbose headers   date: 'Tue, 08 Nov 2016 19:16:07 GMT',
24 verbose headers   via: '1.1 varnish',
24 verbose headers   age: '0',
24 verbose headers   connection: 'keep-alive',
24 verbose headers   'x-served-by': 'cache-iad2128-IAD',
24 verbose headers   'x-cache': 'MISS',
24 verbose headers   'x-cache-hits': '0',
24 verbose headers   'x-timer': 'S1478632566.971231,VS0,VE101',
24 verbose headers   vary: 'Accept-Encoding' }
25 silly get cb [ 200,
25 silly get   { server: 'CouchDB/1.5.0 (Erlang OTP/R16B03)',
25 silly get     etag: '"7B0MX9EDD6QKJ7QZOZSRONBKO"',
25 silly get     'content-type': 'application/json',
25 silly get     'content-encoding': 'gzip',
25 silly get     'cache-control': 'max-age=300',
25 silly get     'content-length': '4291',
25 silly get     'accept-ranges': 'bytes',
25 silly get     date: 'Tue, 08 Nov 2016 19:16:07 GMT',
25 silly get     via: '1.1 varnish',
25 silly get     age: '0',
25 silly get     connection: 'keep-alive',
25 silly get     'x-served-by': 'cache-iad2128-IAD',
25 silly get     'x-cache': 'MISS',
25 silly get     'x-cache-hits': '0',
25 silly get     'x-timer': 'S1478632566.971231,VS0,VE101',
25 silly get     vary: 'Accept-Encoding' } ]
26 verbose get saving pushstate-server to /Users/mf/.npm/registry.npmjs.org/pushstate-server/.cache.json
27 verbose correctMkdir /Users/mf/.npm correctMkdir not in flight; initializing
28 silly addNameTag next cb for pushstate-server with tag latest
29 silly addNamed pushstate-server@2.1.0
30 verbose addNamed "2.1.0" is a plain semver version for pushstate-server
31 silly mapToRegistry name pushstate-server
32 silly mapToRegistry using default registry
33 silly mapToRegistry registry https://registry.npmjs.org/
34 silly mapToRegistry data Result {
34 silly mapToRegistry   raw: 'pushstate-server',
34 silly mapToRegistry   scope: null,
34 silly mapToRegistry   name: 'pushstate-server',
34 silly mapToRegistry   rawSpec: '',
34 silly mapToRegistry   spec: 'latest',
34 silly mapToRegistry   type: 'tag' }
35 silly mapToRegistry uri https://registry.npmjs.org/pushstate-server
36 verbose addRemoteTarball https://registry.npmjs.org/pushstate-server/-/pushstate-server-2.1.0.tgz not in flight; adding
37 verbose addRemoteTarball [ 'https://registry.npmjs.org/pushstate-server/-/pushstate-server-2.1.0.tgz',
37 verbose addRemoteTarball   '71691369e0ffc646acabcc70a88d26c99b529609' ]
38 info retry fetch attempt 1 at 2:16:07 PM
39 info attempt registry request try #1 at 2:16:07 PM
40 http fetch GET https://registry.npmjs.org/pushstate-server/-/pushstate-server-2.1.0.tgz
41 http fetch 200 https://registry.npmjs.org/pushstate-server/-/pushstate-server-2.1.0.tgz
42 silly fetchAndShaCheck shasum 71691369e0ffc646acabcc70a88d26c99b529609
43 verbose addTmpTarball /var/folders/lg/dlfry0rj0y90lkgj9w2m2pt40000gn/T/npm-18318-2a9ad401/registry.npmjs.org/pushstate-server/-/pushstate-server-2.1.0.tgz not in flight; adding
44 verbose addTmpTarball already have metadata; skipping unpack for pushstate-server@2.1.0
45 verbose correctMkdir /Users/mf/.npm correctMkdir not in flight; initializing
46 silly cache afterAdd pushstate-server@2.1.0
47 verbose afterAdd /Users/mf/.npm/pushstate-server/2.1.0/package/package.json not in flight; writing
48 verbose correctMkdir /Users/mf/.npm correctMkdir not in flight; initializing
49 verbose afterAdd /Users/mf/.npm/pushstate-server/2.1.0/package/package.json written
50 silly install resolved [ { name: 'pushstate-server',
50 silly install resolved     version: '2.1.0',
50 silly install resolved     description: 'Static file server that works with HTML5 Pushstate.',
50 silly install resolved     main: 'index.js',
50 silly install resolved     scripts: { test: 'tape test/index.js | tap-format-spec' },
50 silly install resolved     repository:
50 silly install resolved      { type: 'git',
50 silly install resolved        url: 'git+https://github.com/scottcorgan/pushstate-server.git' },
50 silly install resolved     keywords: [ 'pushstate', 'html5', 'static', 'server' ],
50 silly install resolved     author: { name: 'Scott Corgan' },
50 silly install resolved     license: 'MIT',
50 silly install resolved     bugs: { url: 'https://github.com/scottcorgan/pushstate-server/issues' },
50 silly install resolved     dependencies:
50 silly install resolved      { compression: '^1.1.0',
50 silly install resolved        connect: '^3.2.0',
50 silly install resolved        'connect-static-file': '^1.1.2',
50 silly install resolved        'serve-static': '^1.6.2' },
50 silly install resolved     devDependencies: { '@tap-format/spec': '0.2.0', got: '6.3.0', tape: '4.6.0' },
50 silly install resolved     bin: { 'pushstate-server': './bin/pushstate-server' },
50 silly install resolved     gitHead: '8f830b382f0c1f4f63270b9f53655c48c44b7787',
50 silly install resolved     homepage: 'https://github.com/scottcorgan/pushstate-server#readme',
50 silly install resolved     _id: 'pushstate-server@2.1.0',
50 silly install resolved     _shasum: '71691369e0ffc646acabcc70a88d26c99b529609',
50 silly install resolved     _from: 'pushstate-server@latest',
50 silly install resolved     _npmVersion: '3.8.6',
50 silly install resolved     _nodeVersion: '6.1.0',
50 silly install resolved     _npmUser: { name: 'scottcorgan', email: 'scottcorgan@gmail.com' },
50 silly install resolved     dist:
50 silly install resolved      { shasum: '71691369e0ffc646acabcc70a88d26c99b529609',
50 silly install resolved        tarball: 'https://registry.npmjs.org/pushstate-server/-/pushstate-server-2.1.0.tgz' },
50 silly install resolved     maintainers: [ [Object] ],
50 silly install resolved     _npmOperationalInternal:
50 silly install resolved      { host: 'packages-16-east.internal.npmjs.com',
50 silly install resolved        tmp: 'tmp/pushstate-server-2.1.0.tgz_1474982456235_0.19037809874862432' },
50 silly install resolved     directories: {},
50 silly install resolved     _resolved: 'https://registry.npmjs.org/pushstate-server/-/pushstate-server-2.1.0.tgz' } ]
51 info install pushstate-server@2.1.0 into /usr/local/lib
52 info installOne pushstate-server@2.1.0
53 verbose installOne of pushstate-server to /usr/local/lib not in flight; installing
54 verbose correctMkdir /Users/mf/.npm/_locks correctMkdir not in flight; initializing
55 verbose lock using /Users/mf/.npm/_locks/pushstate-server-e85b91dd17f4f302.lock for /usr/local/lib/node_modules/pushstate-server
56 silly install write writing pushstate-server 2.1.0 to /usr/local/lib/node_modules/pushstate-server
57 verbose unbuild lib/node_modules/pushstate-server
58 silly gentlyRm /usr/local/lib/node_modules/pushstate-server is being purged from base /usr/local
59 verbose gentlyRm don't care about contents; nuking /usr/local/lib/node_modules/pushstate-server
60 verbose tar unpack /Users/mf/.npm/pushstate-server/2.1.0/package.tgz
61 verbose tar unpacking to /usr/local/lib/node_modules/pushstate-server
62 silly gentlyRm /usr/local/lib/node_modules/pushstate-server is being purged
63 verbose gentlyRm don't care about contents; nuking /usr/local/lib/node_modules/pushstate-server
64 silly gunzTarPerm modes [ '755', '644' ]
65 error tar.unpack untar error /Users/mf/.npm/pushstate-server/2.1.0/package.tgz
66 verbose unlock done using /Users/mf/.npm/_locks/pushstate-server-e85b91dd17f4f302.lock for /usr/local/lib/node_modules/pushstate-server
67 verbose fstream_path /usr/local/lib/node_modules/pushstate-server
68 verbose fstream_type Directory
69 verbose fstream_class DirWriter
70 verbose stack Error: EACCES: permission denied, mkdir '/usr/local/lib/node_modules/pushstate-server'
70 verbose stack     at Error (native)
71 verbose fstream_stack /usr/local/lib/node_modules/npm/node_modules/fstream/lib/dir-writer.js:35:25
71 verbose fstream_stack /usr/local/lib/node_modules/npm/node_modules/mkdirp/index.js:47:53
71 verbose fstream_stack FSReqWrap.oncomplete (fs.js:82:15)
72 verbose cwd /Users/mf/Desktop/Ex_Files_ReactJS_Basics/Ch06/06_02/start/bulletin-board
73 error Darwin 15.6.0
74 error argv "/usr/local/bin/node" "/usr/local/bin/npm" "install" "-g" "pushstate-server"
75 error node v4.6.1
76 error npm  v2.15.9
77 error path /usr/local/lib/node_modules/pushstate-server
78 error code EACCES
79 error errno -13
80 error syscall mkdir
81 error Error: EACCES: permission denied, mkdir '/usr/local/lib/node_modules/pushstate-server'
81 error     at Error (native)
81 error  { [Error: EACCES: permission denied, mkdir '/usr/local/lib/node_modules/pushstate-server']
81 error   errno: -13,
81 error   code: 'EACCES',
81 error   syscall: 'mkdir',
81 error   path: '/usr/local/lib/node_modules/pushstate-server',
81 error   fstream_type: 'Directory',
81 error   fstream_path: '/usr/local/lib/node_modules/pushstate-server',
81 error   fstream_class: 'DirWriter',
81 error   fstream_stack:
81 error    [ '/usr/local/lib/node_modules/npm/node_modules/fstream/lib/dir-writer.js:35:25',
81 error      '/usr/local/lib/node_modules/npm/node_modules/mkdirp/index.js:47:53',
81 error      'FSReqWrap.oncomplete (fs.js:82:15)' ] }
82 error Please try running this command again as root/Administrator.
83 verbose exit [ -13, true ]
84 verbose unbuild lib/node_modules/pushstate-server
85 silly gentlyRm /usr/local/lib/node_modules/pushstate-server is being purged from base /usr/local
86 verbose gentlyRm don't care about contents; nuking /usr/local/lib/node_modules/pushstate-server
